ARM GAS  /tmp/ccuaJfkN.s 			page 1


   1              		.cpu cortex-m0
   2              		.arch armv6s-m
   3              		.fpu softvfp
   4              		.eabi_attribute 20, 1
   5              		.eabi_attribute 21, 1
   6              		.eabi_attribute 23, 3
   7              		.eabi_attribute 24, 1
   8              		.eabi_attribute 25, 1
   9              		.eabi_attribute 26, 1
  10              		.eabi_attribute 30, 1
  11              		.eabi_attribute 34, 0
  12              		.eabi_attribute 18, 4
  13              		.file	"gpio.c"
  14              		.text
  15              	.Ltext0:
  16              		.cfi_sections	.debug_frame
  17              		.section	.text.MX_GPIO_Init,"ax",%progbits
  18              		.align	1
  19              		.global	MX_GPIO_Init
  20              		.syntax unified
  21              		.code	16
  22              		.thumb_func
  24              	MX_GPIO_Init:
  25              	.LFB40:
  26              		.file 1 "Core/Src/gpio.c"
   1:Core/Src/gpio.c **** /* USER CODE BEGIN Header */
   2:Core/Src/gpio.c **** /**
   3:Core/Src/gpio.c ****   ******************************************************************************
   4:Core/Src/gpio.c ****   * @file    gpio.c
   5:Core/Src/gpio.c ****   * @brief   This file provides code for the configuration
   6:Core/Src/gpio.c ****   *          of all used GPIO pins.
   7:Core/Src/gpio.c ****   ******************************************************************************
   8:Core/Src/gpio.c ****   * @attention
   9:Core/Src/gpio.c ****   *
  10:Core/Src/gpio.c ****   * Copyright (c) 2022 STMicroelectronics.
  11:Core/Src/gpio.c ****   * All rights reserved.
  12:Core/Src/gpio.c ****   *
  13:Core/Src/gpio.c ****   * This software is licensed under terms that can be found in the LICENSE file
  14:Core/Src/gpio.c ****   * in the root directory of this software component.
  15:Core/Src/gpio.c ****   * If no LICENSE file comes with this software, it is provided AS-IS.
  16:Core/Src/gpio.c ****   *
  17:Core/Src/gpio.c ****   ******************************************************************************
  18:Core/Src/gpio.c ****   */
  19:Core/Src/gpio.c **** /* USER CODE END Header */
  20:Core/Src/gpio.c **** 
  21:Core/Src/gpio.c **** /* Includes ------------------------------------------------------------------*/
  22:Core/Src/gpio.c **** #include "gpio.h"
  23:Core/Src/gpio.c **** 
  24:Core/Src/gpio.c **** /* USER CODE BEGIN 0 */
  25:Core/Src/gpio.c **** 
  26:Core/Src/gpio.c **** /* USER CODE END 0 */
  27:Core/Src/gpio.c **** 
  28:Core/Src/gpio.c **** /*----------------------------------------------------------------------------*/
  29:Core/Src/gpio.c **** /* Configure GPIO                                                             */
  30:Core/Src/gpio.c **** /*----------------------------------------------------------------------------*/
  31:Core/Src/gpio.c **** /* USER CODE BEGIN 1 */
  32:Core/Src/gpio.c **** 
ARM GAS  /tmp/ccuaJfkN.s 			page 2


  33:Core/Src/gpio.c **** /* USER CODE END 1 */
  34:Core/Src/gpio.c **** 
  35:Core/Src/gpio.c **** /** Configure pins as
  36:Core/Src/gpio.c ****         * Analog
  37:Core/Src/gpio.c ****         * Input
  38:Core/Src/gpio.c ****         * Output
  39:Core/Src/gpio.c ****         * EVENT_OUT
  40:Core/Src/gpio.c ****         * EXTI
  41:Core/Src/gpio.c ****         * Free pins are configured automatically as Analog (this feature is enabled through
  42:Core/Src/gpio.c ****         * the Code Generation settings)
  43:Core/Src/gpio.c **** */
  44:Core/Src/gpio.c **** void MX_GPIO_Init(void)
  45:Core/Src/gpio.c **** {
  27              		.loc 1 45 1 view -0
  28              		.cfi_startproc
  29              		@ args = 0, pretend = 0, frame = 32
  30              		@ frame_needed = 0, uses_anonymous_args = 0
  31 0000 F0B5     		push	{r4, r5, r6, r7, lr}
  32              	.LCFI0:
  33              		.cfi_def_cfa_offset 20
  34              		.cfi_offset 4, -20
  35              		.cfi_offset 5, -16
  36              		.cfi_offset 6, -12
  37              		.cfi_offset 7, -8
  38              		.cfi_offset 14, -4
  39 0002 C646     		mov	lr, r8
  40 0004 00B5     		push	{lr}
  41              	.LCFI1:
  42              		.cfi_def_cfa_offset 24
  43              		.cfi_offset 8, -24
  44 0006 88B0     		sub	sp, sp, #32
  45              	.LCFI2:
  46              		.cfi_def_cfa_offset 56
  46:Core/Src/gpio.c **** 
  47:Core/Src/gpio.c ****   GPIO_InitTypeDef GPIO_InitStruct = {0};
  47              		.loc 1 47 3 view .LVU1
  48              		.loc 1 47 20 is_stmt 0 view .LVU2
  49 0008 1422     		movs	r2, #20
  50 000a 0021     		movs	r1, #0
  51 000c 03A8     		add	r0, sp, #12
  52 000e FFF7FEFF 		bl	memset
  53              	.LVL0:
  48:Core/Src/gpio.c **** 
  49:Core/Src/gpio.c ****   /* GPIO Ports Clock Enable */
  50:Core/Src/gpio.c ****   __HAL_RCC_GPIOF_CLK_ENABLE();
  54              		.loc 1 50 3 is_stmt 1 view .LVU3
  55              	.LBB2:
  56              		.loc 1 50 3 view .LVU4
  57              		.loc 1 50 3 view .LVU5
  58 0012 2B4B     		ldr	r3, .L2
  59 0014 5969     		ldr	r1, [r3, #20]
  60 0016 8020     		movs	r0, #128
  61 0018 C003     		lsls	r0, r0, #15
  62 001a 0143     		orrs	r1, r0
  63 001c 5961     		str	r1, [r3, #20]
  64              		.loc 1 50 3 view .LVU6
  65 001e 5A69     		ldr	r2, [r3, #20]
ARM GAS  /tmp/ccuaJfkN.s 			page 3


  66 0020 0240     		ands	r2, r0
  67 0022 0092     		str	r2, [sp]
  68              		.loc 1 50 3 view .LVU7
  69 0024 009A     		ldr	r2, [sp]
  70              	.LBE2:
  71              		.loc 1 50 3 view .LVU8
  51:Core/Src/gpio.c ****   __HAL_RCC_GPIOA_CLK_ENABLE();
  72              		.loc 1 51 3 view .LVU9
  73              	.LBB3:
  74              		.loc 1 51 3 view .LVU10
  75              		.loc 1 51 3 view .LVU11
  76 0026 5969     		ldr	r1, [r3, #20]
  77 0028 8020     		movs	r0, #128
  78 002a 8002     		lsls	r0, r0, #10
  79 002c 0143     		orrs	r1, r0
  80 002e 5961     		str	r1, [r3, #20]
  81              		.loc 1 51 3 view .LVU12
  82 0030 5A69     		ldr	r2, [r3, #20]
  83 0032 0240     		ands	r2, r0
  84 0034 0192     		str	r2, [sp, #4]
  85              		.loc 1 51 3 view .LVU13
  86 0036 019A     		ldr	r2, [sp, #4]
  87              	.LBE3:
  88              		.loc 1 51 3 view .LVU14
  52:Core/Src/gpio.c ****   __HAL_RCC_GPIOB_CLK_ENABLE();
  89              		.loc 1 52 3 view .LVU15
  90              	.LBB4:
  91              		.loc 1 52 3 view .LVU16
  92              		.loc 1 52 3 view .LVU17
  93 0038 5A69     		ldr	r2, [r3, #20]
  94 003a 8021     		movs	r1, #128
  95 003c C902     		lsls	r1, r1, #11
  96 003e 0A43     		orrs	r2, r1
  97 0040 5A61     		str	r2, [r3, #20]
  98              		.loc 1 52 3 view .LVU18
  99 0042 5B69     		ldr	r3, [r3, #20]
 100 0044 0B40     		ands	r3, r1
 101 0046 0293     		str	r3, [sp, #8]
 102              		.loc 1 52 3 view .LVU19
 103 0048 029B     		ldr	r3, [sp, #8]
 104              	.LBE4:
 105              		.loc 1 52 3 view .LVU20
  53:Core/Src/gpio.c **** 
  54:Core/Src/gpio.c ****   /*Configure GPIO pin Output Level */
  55:Core/Src/gpio.c ****   HAL_GPIO_WritePin(GPIOA, GPIO_PIN_11|GPIO_PIN_12, GPIO_PIN_RESET);
 106              		.loc 1 55 3 view .LVU21
 107 004a C027     		movs	r7, #192
 108 004c 7F01     		lsls	r7, r7, #5
 109 004e 9025     		movs	r5, #144
 110 0050 ED05     		lsls	r5, r5, #23
 111 0052 0022     		movs	r2, #0
 112 0054 3900     		movs	r1, r7
 113 0056 2800     		movs	r0, r5
 114 0058 FFF7FEFF 		bl	HAL_GPIO_WritePin
 115              	.LVL1:
  56:Core/Src/gpio.c **** 
  57:Core/Src/gpio.c ****   /*Configure GPIO pin : PA0 */
ARM GAS  /tmp/ccuaJfkN.s 			page 4


  58:Core/Src/gpio.c ****   GPIO_InitStruct.Pin = GPIO_PIN_0;
 116              		.loc 1 58 3 view .LVU22
 117              		.loc 1 58 23 is_stmt 0 view .LVU23
 118 005c 0126     		movs	r6, #1
 119 005e 0396     		str	r6, [sp, #12]
  59:Core/Src/gpio.c ****   GPIO_InitStruct.Mode = GPIO_MODE_IT_FALLING;
 120              		.loc 1 59 3 is_stmt 1 view .LVU24
 121              		.loc 1 59 24 is_stmt 0 view .LVU25
 122 0060 8423     		movs	r3, #132
 123 0062 9B03     		lsls	r3, r3, #14
 124 0064 0493     		str	r3, [sp, #16]
  60:Core/Src/gpio.c ****   GPIO_InitStruct.Pull = GPIO_NOPULL;
 125              		.loc 1 60 3 is_stmt 1 view .LVU26
 126              		.loc 1 60 24 is_stmt 0 view .LVU27
 127 0066 0024     		movs	r4, #0
 128 0068 0594     		str	r4, [sp, #20]
  61:Core/Src/gpio.c ****   HAL_GPIO_Init(GPIOA, &GPIO_InitStruct);
 129              		.loc 1 61 3 is_stmt 1 view .LVU28
 130 006a 03A9     		add	r1, sp, #12
 131 006c 2800     		movs	r0, r5
 132 006e FFF7FEFF 		bl	HAL_GPIO_Init
 133              	.LVL2:
  62:Core/Src/gpio.c **** 
  63:Core/Src/gpio.c ****   /*Configure GPIO pins : PA1 PA2 PA3 PA4
  64:Core/Src/gpio.c ****                            PA8 PA9 PA10 PA15 */
  65:Core/Src/gpio.c ****   GPIO_InitStruct.Pin = GPIO_PIN_1|GPIO_PIN_2|GPIO_PIN_3|GPIO_PIN_4
 134              		.loc 1 65 3 view .LVU29
 135              		.loc 1 65 23 is_stmt 0 view .LVU30
 136 0072 144B     		ldr	r3, .L2+4
 137 0074 0393     		str	r3, [sp, #12]
  66:Core/Src/gpio.c ****                           |GPIO_PIN_8|GPIO_PIN_9|GPIO_PIN_10|GPIO_PIN_15;
  67:Core/Src/gpio.c ****   GPIO_InitStruct.Mode = GPIO_MODE_ANALOG;
 138              		.loc 1 67 3 is_stmt 1 view .LVU31
 139              		.loc 1 67 24 is_stmt 0 view .LVU32
 140 0076 0323     		movs	r3, #3
 141 0078 9846     		mov	r8, r3
 142 007a 0493     		str	r3, [sp, #16]
  68:Core/Src/gpio.c ****   GPIO_InitStruct.Pull = GPIO_NOPULL;
 143              		.loc 1 68 3 is_stmt 1 view .LVU33
 144              		.loc 1 68 24 is_stmt 0 view .LVU34
 145 007c 0594     		str	r4, [sp, #20]
  69:Core/Src/gpio.c ****   HAL_GPIO_Init(GPIOA, &GPIO_InitStruct);
 146              		.loc 1 69 3 is_stmt 1 view .LVU35
 147 007e 03A9     		add	r1, sp, #12
 148 0080 2800     		movs	r0, r5
 149 0082 FFF7FEFF 		bl	HAL_GPIO_Init
 150              	.LVL3:
  70:Core/Src/gpio.c **** 
  71:Core/Src/gpio.c ****   /*Configure GPIO pins : PB0 PB1 PB3 PB4
  72:Core/Src/gpio.c ****                            PB5 */
  73:Core/Src/gpio.c ****   GPIO_InitStruct.Pin = GPIO_PIN_0|GPIO_PIN_1|GPIO_PIN_3|GPIO_PIN_4
 151              		.loc 1 73 3 view .LVU36
 152              		.loc 1 73 23 is_stmt 0 view .LVU37
 153 0086 3B23     		movs	r3, #59
 154 0088 0393     		str	r3, [sp, #12]
  74:Core/Src/gpio.c ****                           |GPIO_PIN_5;
  75:Core/Src/gpio.c ****   GPIO_InitStruct.Mode = GPIO_MODE_ANALOG;
ARM GAS  /tmp/ccuaJfkN.s 			page 5


 155              		.loc 1 75 3 is_stmt 1 view .LVU38
 156              		.loc 1 75 24 is_stmt 0 view .LVU39
 157 008a 4346     		mov	r3, r8
 158 008c 0493     		str	r3, [sp, #16]
  76:Core/Src/gpio.c ****   GPIO_InitStruct.Pull = GPIO_NOPULL;
 159              		.loc 1 76 3 is_stmt 1 view .LVU40
 160              		.loc 1 76 24 is_stmt 0 view .LVU41
 161 008e 0594     		str	r4, [sp, #20]
  77:Core/Src/gpio.c ****   HAL_GPIO_Init(GPIOB, &GPIO_InitStruct);
 162              		.loc 1 77 3 is_stmt 1 view .LVU42
 163 0090 03A9     		add	r1, sp, #12
 164 0092 0D48     		ldr	r0, .L2+8
 165 0094 FFF7FEFF 		bl	HAL_GPIO_Init
 166              	.LVL4:
  78:Core/Src/gpio.c **** 
  79:Core/Src/gpio.c ****   /*Configure GPIO pins : PA11 PA12 */
  80:Core/Src/gpio.c ****   GPIO_InitStruct.Pin = GPIO_PIN_11|GPIO_PIN_12;
 167              		.loc 1 80 3 view .LVU43
 168              		.loc 1 80 23 is_stmt 0 view .LVU44
 169 0098 0397     		str	r7, [sp, #12]
  81:Core/Src/gpio.c ****   GPIO_InitStruct.Mode = GPIO_MODE_OUTPUT_PP;
 170              		.loc 1 81 3 is_stmt 1 view .LVU45
 171              		.loc 1 81 24 is_stmt 0 view .LVU46
 172 009a 0496     		str	r6, [sp, #16]
  82:Core/Src/gpio.c ****   GPIO_InitStruct.Pull = GPIO_NOPULL;
 173              		.loc 1 82 3 is_stmt 1 view .LVU47
 174              		.loc 1 82 24 is_stmt 0 view .LVU48
 175 009c 0594     		str	r4, [sp, #20]
  83:Core/Src/gpio.c ****   GPIO_InitStruct.Speed = GPIO_SPEED_FREQ_LOW;
 176              		.loc 1 83 3 is_stmt 1 view .LVU49
 177              		.loc 1 83 25 is_stmt 0 view .LVU50
 178 009e 0694     		str	r4, [sp, #24]
  84:Core/Src/gpio.c ****   HAL_GPIO_Init(GPIOA, &GPIO_InitStruct);
 179              		.loc 1 84 3 is_stmt 1 view .LVU51
 180 00a0 03A9     		add	r1, sp, #12
 181 00a2 2800     		movs	r0, r5
 182 00a4 FFF7FEFF 		bl	HAL_GPIO_Init
 183              	.LVL5:
  85:Core/Src/gpio.c **** 
  86:Core/Src/gpio.c ****   /* EXTI interrupt init*/
  87:Core/Src/gpio.c ****   HAL_NVIC_SetPriority(EXTI0_1_IRQn, 0, 0);
 184              		.loc 1 87 3 view .LVU52
 185 00a8 0022     		movs	r2, #0
 186 00aa 0021     		movs	r1, #0
 187 00ac 0520     		movs	r0, #5
 188 00ae FFF7FEFF 		bl	HAL_NVIC_SetPriority
 189              	.LVL6:
  88:Core/Src/gpio.c ****   HAL_NVIC_EnableIRQ(EXTI0_1_IRQn);
 190              		.loc 1 88 3 view .LVU53
 191 00b2 0520     		movs	r0, #5
 192 00b4 FFF7FEFF 		bl	HAL_NVIC_EnableIRQ
 193              	.LVL7:
  89:Core/Src/gpio.c **** 
  90:Core/Src/gpio.c **** }
 194              		.loc 1 90 1 is_stmt 0 view .LVU54
 195 00b8 08B0     		add	sp, sp, #32
 196              		@ sp needed
ARM GAS  /tmp/ccuaJfkN.s 			page 6


 197 00ba 80BC     		pop	{r7}
 198 00bc B846     		mov	r8, r7
 199 00be F0BD     		pop	{r4, r5, r6, r7, pc}
 200              	.L3:
 201              		.align	2
 202              	.L2:
 203 00c0 00100240 		.word	1073876992
 204 00c4 1E870000 		.word	34590
 205 00c8 00040048 		.word	1207960576
 206              		.cfi_endproc
 207              	.LFE40:
 209              		.text
 210              	.Letext0:
 211              		.file 2 "/home/seradya/toolchains/gcc-arm-none-eabi-10.3-2021.10/arm-none-eabi/include/machine/_de
 212              		.file 3 "/home/seradya/toolchains/gcc-arm-none-eabi-10.3-2021.10/arm-none-eabi/include/sys/_stdint
 213              		.file 4 "Drivers/CMSIS/Device/ST/STM32F0xx/Include/stm32f030x6.h"
 214              		.file 5 "Drivers/STM32F0xx_HAL_Driver/Inc/stm32f0xx_hal_gpio.h"
 215              		.file 6 "Drivers/STM32F0xx_HAL_Driver/Inc/stm32f0xx_hal_cortex.h"
 216              		.file 7 "<built-in>"
ARM GAS  /tmp/ccuaJfkN.s 			page 7


DEFINED SYMBOLS
                            *ABS*:0000000000000000 gpio.c
     /tmp/ccuaJfkN.s:18     .text.MX_GPIO_Init:0000000000000000 $t
     /tmp/ccuaJfkN.s:24     .text.MX_GPIO_Init:0000000000000000 MX_GPIO_Init
     /tmp/ccuaJfkN.s:203    .text.MX_GPIO_Init:00000000000000c0 $d

UNDEFINED SYMBOLS
memset
HAL_GPIO_WritePin
HAL_GPIO_Init
HAL_NVIC_SetPriority
HAL_NVIC_EnableIRQ
